<?xml version="1.0" encoding="UTF-8"?>
<!-- Generated by org.testng.reporters.JUnitXMLReporter -->
<testsuite ignored="0" hostname="DESKTOP-5OBCTT3" failures="0" tests="1" name="Test-Runner2" time="19.791" errors="0" timestamp="2022-12-09T15:23:00 IST">
  <testcase classname="AddToCart" name="addCart" time="4.992"/>
</testsuite> <!-- Test-Runner2 -->
