<?xml version="1.0" encoding="UTF-8"?>
<!-- Generated by org.testng.reporters.JUnitXMLReporter -->
<testsuite ignored="0" hostname="DESKTOP-5OBCTT3" failures="0" tests="2" name="Test-Runner1" time="23.379" errors="0" timestamp="2022-12-09T15:23:04 IST">
  <testcase classname="ContactsDemoblaze" name="contactDemoblazeTest" time="1.489"/>
  <testcase classname="ContactsDemoblaze" name="contactDemoblazeTest" time="1.61"/>
</testsuite> <!-- Test-Runner1 -->
