<?xml version="1.0" encoding="UTF-8"?>
<!-- Generated by org.testng.reporters.JUnitReportReporter -->
<testsuite hostname="DESKTOP-78GA1ON" failures="0" tests="2" name="ContactsDemoblaze" time="16.349" errors="0" timestamp="2022-12-25T13:00:17 GMT-08:00" skipped="0">
  <testcase classname="ContactsDemoblaze" name="contactDemoblazeTest" time="7.977"/>
  <system-out/>
  <testcase classname="ContactsDemoblaze" name="contactDemoblazeTest" time="8.372"/>
  <system-out/>
</testsuite> <!-- ContactsDemoblaze -->
