<?xml version="1.0" encoding="UTF-8"?>
<!-- Generated by org.testng.reporters.JUnitReportReporter -->
<testsuite hostname="DESKTOP-5OBCTT3" failures="0" tests="2" name="ContactsDemoblaze" time="14.960" errors="0" timestamp="2022-12-13T22:43:51 IST" skipped="0">
  <testcase classname="ContactsDemoblaze" name="contactDemoblazeTest" time="7.350"/>
  <system-out/>
  <testcase classname="ContactsDemoblaze" name="contactDemoblazeTest" time="7.610"/>
  <system-out/>
</testsuite> <!-- ContactsDemoblaze -->
