<?xml version="1.0" encoding="UTF-8"?>
<!-- Generated by org.testng.reporters.JUnitReportReporter -->
<testsuite hostname="DESKTOP-5OBCTT3" failures="0" tests="1" name="testscript.AddToCart" time="8.759" errors="0" timestamp="2022-12-11T15:41:51 IST" skipped="0">
  <testcase classname="testscript.AddToCart" name="addToCartTest" time="8.759"/>
  <system-out/>
</testsuite> <!-- testscript.AddToCart -->
