<?xml version="1.0" encoding="UTF-8"?>
<!-- Generated by org.testng.reporters.JUnitReportReporter -->
<testsuite hostname="DESKTOP-78GA1ON" failures="0" tests="1" name="testscript.AnnotationsEx" time="0.013" errors="0" timestamp="2022-12-27T19:37:40 IST" skipped="0">
  <testcase classname="testscript.AnnotationsEx" name="test" time="0.013"/>
  <system-out/>
</testsuite> <!-- testscript.AnnotationsEx -->
