<?xml version="1.0" encoding="UTF-8"?>
<!-- Generated by org.testng.reporters.JUnitReportReporter -->
<testsuite hostname="DESKTOP-78GA1ON" failures="0" tests="1" name="AddToCart" time="10.311" errors="0" timestamp="2022-12-27T13:16:44 IST" skipped="0">
  <testcase classname="AddToCart" name="addCart" time="10.311"/>
  <system-out/>
</testsuite> <!-- AddToCart -->
