<?xml version="1.0" encoding="UTF-8"?>
<!-- Generated by org.testng.reporters.JUnitReportReporter -->
<testsuite hostname="DESKTOP-78GA1ON" failures="0" tests="3" name="testscript.CreateMultipleProjectWithDiffData" time="0.020" errors="0" timestamp="2022-12-30T10:51:24 IST" skipped="0">
  <testcase classname="testscript.CreateMultipleProjectWithDiffData" name="createProject" time="0.007"/>
  <system-out/>
  <testcase classname="testscript.CreateMultipleProjectWithDiffData" name="createProject" time="0.009"/>
  <system-out/>
  <testcase classname="testscript.CreateMultipleProjectWithDiffData" name="createProject" time="0.004"/>
  <system-out/>
</testsuite> <!-- testscript.CreateMultipleProjectWithDiffData -->
