<?xml version="1.0" encoding="UTF-8"?>
<!-- Generated by org.testng.reporters.JUnitReportReporter -->
<testsuite hostname="DESKTOP-5OBCTT3" failures="0" tests="1" name="AddToCart" time="10.591" errors="0" timestamp="2022-12-13T22:43:51 IST" skipped="0">
  <testcase classname="AddToCart" name="addCart" time="10.591"/>
  <system-out/>
</testsuite> <!-- AddToCart -->
