<?xml version="1.0" encoding="UTF-8"?>
<!-- Generated by org.testng.reporters.JUnitReportReporter -->
<testsuite hostname="DESKTOP-78GA1ON" failures="0" tests="3" name="testscript.DataProviderEx" time="0.012" errors="0" timestamp="2022-12-27T20:40:31 IST" skipped="0">
  <testcase classname="testscript.DataProviderEx" name="employeeDetails" time="0.002"/>
  <system-out/>
  <testcase classname="testscript.DataProviderEx" name="employeeDetails" time="0.008"/>
  <system-out/>
  <testcase classname="testscript.DataProviderEx" name="employeeDetails" time="0.002"/>
  <system-out/>
</testsuite> <!-- testscript.DataProviderEx -->
