<?xml version="1.0" encoding="UTF-8"?>
<!-- Generated by org.testng.reporters.JUnitReportReporter -->
<testsuite hostname="DESKTOP-5OBCTT3" failures="0" tests="1" name="AddToCart" time="10.307" errors="0" timestamp="2022-12-19T18:04:46 IST" skipped="0">
  <testcase classname="AddToCart" name="addCart" time="10.307"/>
  <system-out/>
</testsuite> <!-- AddToCart -->
