<?xml version="1.0" encoding="UTF-8"?>
<!-- Generated by org.testng.reporters.JUnitReportReporter -->
<testsuite hostname="DESKTOP-5OBCTT3" failures="0" tests="1" name="AddToCart" time="9.997" errors="0" timestamp="20 Dec 2022 14:34:41 GMT" skipped="0">
  <testcase classname="AddToCart" name="addCart" time="9.997"/>
</testsuite> <!-- AddToCart -->
