<?xml version="1.0" encoding="UTF-8"?>
<!-- Generated by org.testng.reporters.JUnitReportReporter -->
<testsuite hostname="DESKTOP-5OBCTT3" failures="0" tests="2" name="ContactsDemoblaze" time="14.925" errors="0" timestamp="20 Dec 2022 14:34:41 GMT" skipped="0">
  <testcase classname="ContactsDemoblaze" name="contactDemoblazeTest" time="6.482"/>
  <testcase classname="ContactsDemoblaze" name="contactDemoblazeTest" time="8.443"/>
</testsuite> <!-- ContactsDemoblaze -->
