<?xml version="1.0" encoding="UTF-8"?>
<!-- Generated by org.testng.reporters.JUnitReportReporter -->
<testsuite hostname="DESKTOP-5OBCTT3" failures="0" tests="2" name="ContactsDemoblaze" time="15.982" errors="0" timestamp="2022-12-11T23:03:14 IST" skipped="0">
  <testcase classname="ContactsDemoblaze" name="contactDemoblazeTest" time="8.253"/>
  <system-out/>
  <testcase classname="ContactsDemoblaze" name="contactDemoblazeTest" time="7.729"/>
  <system-out/>
</testsuite> <!-- ContactsDemoblaze -->
